<?xml version="1.0" encoding="UTF-8"?>
<!-- Generated by org.testng.reporters.JUnitReportReporter -->
<testsuite hostname="DESKTOP-1FJC9IP" failures="0" tests="1" name="com.qa.bridgelabz.Assertion.AssertEquals" time="91.392" errors="0" timestamp="2022-10-01T12:06:35 IST" skipped="0">
  <testcase classname="com.qa.bridgelabz.Assertion.AssertEquals" name="Browser_navigations" time="91.392"/>
  <system-out/>
</testsuite> <!-- com.qa.bridgelabz.Assertion.AssertEquals -->
