<?xml version="1.0" encoding="UTF-8"?>
<!-- Generated by org.testng.reporters.JUnitReportReporter -->
<testsuite hostname="DESKTOP-1FJC9IP" failures="0" tests="1" name="com.qa.bridgelabz.Assertion.AssertNull" time="92.591" errors="0" timestamp="2022-10-01T12:15:32 IST" skipped="0">
  <testcase classname="com.qa.bridgelabz.Assertion.AssertNull" name="Browser_navigations" time="92.591"/>
  <system-out/>
</testsuite> <!-- com.qa.bridgelabz.Assertion.AssertNull -->
