<?xml version="1.0" encoding="UTF-8"?>
<!-- Generated by org.testng.reporters.JUnitReportReporter -->
<testsuite hostname="DESKTOP-1FJC9IP" failures="0" tests="1" name="com.qa.bridgelabz.Assertion.AssertFalse_Method" time="49.214" errors="0" timestamp="2022-09-30T22:31:48 IST" skipped="0">
  <testcase classname="com.qa.bridgelabz.Assertion.AssertFalse_Method" name="Browser_navigations" time="49.214"/>
  <system-out/>
</testsuite> <!-- com.qa.bridgelabz.Assertion.AssertFalse_Method -->
